<?xml version="1.0" encoding="utf-8"?>
<coverage line-rate="0.9093000000000001" branch-rate="0.5714" version="1.9" timestamp="1768430641" lines-covered="281" lines-valid="309" branches-covered="40" branches-valid="70">
  <sources>
    <source>C:\Users\awve9\Documents\GitHub\Software_Construction\CSharp Parking API\</source>
  </sources>
  <packages>
    <package name="CSharp Parking API" line-rate="0.9093000000000001" branch-rate="0.5714" complexity="105">
      <classes>
        <class name="CSharpAPI.Services.S_Billing" filename="Services\Service_Billing.cs" line-rate="1" branch-rate="1" complexity="1">
          <methods>
            <method name=".ctor" signature="(CSharpAPI.Database.SQLite_Database)" line-rate="1" branch-rate="1" complexity="1">
              <lines>
                <line number="31" hits="112" branch="False" />
                <line number="32" hits="112" branch="False" />
                <line number="33" hits="112" branch="False" />
                <line number="34" hits="112" branch="False" />
              </lines>
            </method>
          </methods>
          <lines>
            <line number="31" hits="112" branch="False" />
            <line number="32" hits="112" branch="False" />
            <line number="33" hits="112" branch="False" />
            <line number="34" hits="112" branch="False" />
          </lines>
        </class>
        <class name="CSharpAPI.Services.S_Company" filename="Services\Service_Company.cs" line-rate="1" branch-rate="1" complexity="1">
          <methods>
            <method name=".ctor" signature="(CSharpAPI.Database.SQLite_Database,CSharpAPI.Services.IBillingService)" line-rate="1" branch-rate="1" complexity="1">
              <lines>
                <line number="28" hits="52" branch="False" />
                <line number="29" hits="52" branch="False" />
                <line number="30" hits="52" branch="False" />
                <line number="31" hits="52" branch="False" />
                <line number="32" hits="52" branch="False" />
              </lines>
            </method>
          </methods>
          <lines>
            <line number="28" hits="52" branch="False" />
            <line number="29" hits="52" branch="False" />
            <line number="30" hits="52" branch="False" />
            <line number="31" hits="52" branch="False" />
            <line number="32" hits="52" branch="False" />
          </lines>
        </class>
        <class name="CSharpAPI.Services.S_Hotel" filename="Services\Service_Hotel.cs" line-rate="1" branch-rate="1" complexity="1">
          <methods>
            <method name=".ctor" signature="(CSharpAPI.Database.SQLite_Database)" line-rate="1" branch-rate="1" complexity="1">
              <lines>
                <line number="27" hits="61" branch="False" />
                <line number="28" hits="61" branch="False" />
                <line number="29" hits="61" branch="False" />
                <line number="30" hits="61" branch="False" />
              </lines>
            </method>
          </methods>
          <lines>
            <line number="27" hits="61" branch="False" />
            <line number="28" hits="61" branch="False" />
            <line number="29" hits="61" branch="False" />
            <line number="30" hits="61" branch="False" />
          </lines>
        </class>
        <class name="CSharpAPI.Services.S_Parkinglots" filename="Services\Service_Parkinglots.cs" line-rate="1" branch-rate="1" complexity="1">
          <methods>
            <method name=".ctor" signature="(CSharpAPI.Database.SQLite_Database)" line-rate="1" branch-rate="1" complexity="1">
              <lines>
                <line number="24" hits="21" branch="False" />
                <line number="26" hits="21" branch="False" />
                <line number="27" hits="21" branch="False" />
                <line number="28" hits="21" branch="False" />
              </lines>
            </method>
          </methods>
          <lines>
            <line number="24" hits="21" branch="False" />
            <line number="26" hits="21" branch="False" />
            <line number="27" hits="21" branch="False" />
            <line number="28" hits="21" branch="False" />
          </lines>
        </class>
        <class name="CSharpAPI.Services.S_Payments" filename="Services\Service_Payments.cs" line-rate="1" branch-rate="1" complexity="2">
          <methods>
            <method name="GeneratePaymentHash" signature="(CSharpAPI.Models.M_Payments)" line-rate="1" branch-rate="1" complexity="1">
              <lines>
                <line number="70" hits="12" branch="False" />
                <line number="72" hits="12" branch="False" />
                <line number="73" hits="12" branch="False" />
                <line number="74" hits="12" branch="False" />
                <line number="75" hits="12" branch="False" />
                <line number="76" hits="12" branch="False" />
                <line number="78" hits="12" branch="False" />
                <line number="79" hits="12" branch="False" />
                <line number="80" hits="12" branch="False" />
                <line number="82" hits="12" branch="False" />
              </lines>
            </method>
            <method name=".ctor" signature="(CSharpAPI.Database.SQLite_Database)" line-rate="1" branch-rate="1" complexity="1">
              <lines>
                <line number="20" hits="47" branch="False" />
                <line number="21" hits="47" branch="False" />
                <line number="22" hits="47" branch="False" />
                <line number="23" hits="47" branch="False" />
              </lines>
            </method>
          </methods>
          <lines>
            <line number="70" hits="12" branch="False" />
            <line number="72" hits="12" branch="False" />
            <line number="73" hits="12" branch="False" />
            <line number="74" hits="12" branch="False" />
            <line number="75" hits="12" branch="False" />
            <line number="76" hits="12" branch="False" />
            <line number="78" hits="12" branch="False" />
            <line number="79" hits="12" branch="False" />
            <line number="80" hits="12" branch="False" />
            <line number="82" hits="12" branch="False" />
            <line number="20" hits="47" branch="False" />
            <line number="21" hits="47" branch="False" />
            <line number="22" hits="47" branch="False" />
            <line number="23" hits="47" branch="False" />
          </lines>
        </class>
        <class name="CSharpAPI.Services.Service_Profile" filename="Services\Service_Profile.cs" line-rate="1" branch-rate="1" complexity="1">
          <methods>
            <method name=".ctor" signature="(CSharpAPI.Database.SQLite_Database)" line-rate="1" branch-rate="1" complexity="1">
              <lines>
                <line number="19" hits="15" branch="False" />
                <line number="20" hits="15" branch="False" />
                <line number="21" hits="15" branch="False" />
                <line number="22" hits="15" branch="False" />
              </lines>
            </method>
          </methods>
          <lines>
            <line number="19" hits="15" branch="False" />
            <line number="20" hits="15" branch="False" />
            <line number="21" hits="15" branch="False" />
            <line number="22" hits="15" branch="False" />
          </lines>
        </class>
        <class name="CSharpAPI.Services.S_Reservations" filename="Services\Service_Reservations.cs" line-rate="1" branch-rate="1" complexity="1">
          <methods>
            <method name=".ctor" signature="(CSharpAPI.Database.SQLite_Database)" line-rate="1" branch-rate="1" complexity="1">
              <lines>
                <line number="22" hits="60" branch="False" />
                <line number="23" hits="60" branch="False" />
                <line number="24" hits="60" branch="False" />
                <line number="25" hits="60" branch="False" />
              </lines>
            </method>
          </methods>
          <lines>
            <line number="22" hits="60" branch="False" />
            <line number="23" hits="60" branch="False" />
            <line number="24" hits="60" branch="False" />
            <line number="25" hits="60" branch="False" />
          </lines>
        </class>
        <class name="CSharpAPI.Services.S_Sessions" filename="Services\Service_Sessions.cs" line-rate="1" branch-rate="1" complexity="1">
          <methods>
            <method name=".ctor" signature="(CSharpAPI.Database.SQLite_Database)" line-rate="1" branch-rate="1" complexity="1">
              <lines>
                <line number="22" hits="46" branch="False" />
                <line number="23" hits="46" branch="False" />
                <line number="24" hits="46" branch="False" />
                <line number="25" hits="46" branch="False" />
              </lines>
            </method>
          </methods>
          <lines>
            <line number="22" hits="46" branch="False" />
            <line number="23" hits="46" branch="False" />
            <line number="24" hits="46" branch="False" />
            <line number="25" hits="46" branch="False" />
          </lines>
        </class>
        <class name="CSharpAPI.Services.TokenService" filename="Services\Service_Token.cs" line-rate="1" branch-rate="0.6666" complexity="7">
          <methods>
            <method name="GenerateToken" signature="(System.String,System.String,System.String,System.DateTime&amp;)" line-rate="1" branch-rate="0.6666" complexity="6">
              <lines>
                <line number="28" hits="305" branch="False" />
                <line number="30" hits="305" branch="False" />
                <line number="31" hits="305" branch="False" />
                <line number="32" hits="305" branch="False" />
                <line number="33" hits="305" branch="True" condition-coverage="100% (2/2)">
                  <conditions>
                    <condition number="54" type="jump" coverage="100%" />
                  </conditions>
                </line>
                <line number="36" hits="304" branch="False" />
                <line number="37" hits="304" branch="False" />
                <line number="40" hits="304" branch="False" />
                <line number="41" hits="304" branch="False" />
                <line number="42" hits="304" branch="False" />
                <line number="43" hits="304" branch="False" />
                <line number="44" hits="304" branch="False" />
                <line number="45" hits="304" branch="False" />
                <line number="46" hits="304" branch="False" />
                <line number="47" hits="304" branch="False" />
                <line number="49" hits="304" branch="False" />
                <line number="52" hits="304" branch="True" condition-coverage="50% (2/4)">
                  <conditions>
                    <condition number="234" type="jump" coverage="50%" />
                    <condition number="246" type="jump" coverage="50%" />
                  </conditions>
                </line>
                <line number="53" hits="304" branch="False" />
                <line number="54" hits="304" branch="False" />
                <line number="55" hits="304" branch="False" />
                <line number="56" hits="304" branch="False" />
                <line number="57" hits="304" branch="False" />
                <line number="58" hits="304" branch="False" />
                <line number="59" hits="304" branch="False" />
                <line number="62" hits="304" branch="False" />
                <line number="63" hits="304" branch="False" />
              </lines>
            </method>
            <method name=".ctor" signature="(Microsoft.Extensions.Configuration.IConfiguration)" line-rate="1" branch-rate="1" complexity="1">
              <lines>
                <line number="20" hits="336" branch="False" />
                <line number="21" hits="336" branch="False" />
                <line number="22" hits="336" branch="False" />
                <line number="23" hits="336" branch="False" />
              </lines>
            </method>
          </methods>
          <lines>
            <line number="28" hits="305" branch="False" />
            <line number="30" hits="305" branch="False" />
            <line number="31" hits="305" branch="False" />
            <line number="32" hits="305" branch="False" />
            <line number="33" hits="305" branch="True" condition-coverage="100% (2/2)">
              <conditions>
                <condition number="54" type="jump" coverage="100%" />
              </conditions>
            </line>
            <line number="36" hits="304" branch="False" />
            <line number="37" hits="304" branch="False" />
            <line number="40" hits="304" branch="False" />
            <line number="41" hits="304" branch="False" />
            <line number="42" hits="304" branch="False" />
            <line number="43" hits="304" branch="False" />
            <line number="44" hits="304" branch="False" />
            <line number="45" hits="304" branch="False" />
            <line number="46" hits="304" branch="False" />
            <line number="47" hits="304" branch="False" />
            <line number="49" hits="304" branch="False" />
            <line number="52" hits="304" branch="True" condition-coverage="50% (2/4)">
              <conditions>
                <condition number="234" type="jump" coverage="50%" />
                <condition number="246" type="jump" coverage="50%" />
              </conditions>
            </line>
            <line number="53" hits="304" branch="False" />
            <line number="54" hits="304" branch="False" />
            <line number="55" hits="304" branch="False" />
            <line number="56" hits="304" branch="False" />
            <line number="57" hits="304" branch="False" />
            <line number="58" hits="304" branch="False" />
            <line number="59" hits="304" branch="False" />
            <line number="62" hits="304" branch="False" />
            <line number="63" hits="304" branch="False" />
            <line number="20" hits="336" branch="False" />
            <line number="21" hits="336" branch="False" />
            <line number="22" hits="336" branch="False" />
            <line number="23" hits="336" branch="False" />
          </lines>
        </class>
        <class name="CSharpAPI.Services.TokenRevocationService" filename="Services\Service_TokenRevocation.cs" line-rate="1" branch-rate="1" complexity="2">
          <methods>
            <method name="HashToken" signature="(System.String)" line-rate="1" branch-rate="1" complexity="1">
              <lines>
                <line number="97" hits="352" branch="False" />
                <line number="98" hits="352" branch="False" />
                <line number="99" hits="352" branch="False" />
                <line number="100" hits="352" branch="False" />
                <line number="101" hits="352" branch="False" />
                <line number="102" hits="352" branch="False" />
                <line number="104" hits="352" branch="False" />
              </lines>
            </method>
            <method name=".ctor" signature="(CSharpAPI.Database.SQLite_Database)" line-rate="1" branch-rate="1" complexity="1">
              <lines>
                <line number="22" hits="676" branch="False" />
                <line number="23" hits="676" branch="False" />
                <line number="24" hits="676" branch="False" />
                <line number="25" hits="676" branch="False" />
              </lines>
            </method>
          </methods>
          <lines>
            <line number="97" hits="352" branch="False" />
            <line number="98" hits="352" branch="False" />
            <line number="99" hits="352" branch="False" />
            <line number="100" hits="352" branch="False" />
            <line number="101" hits="352" branch="False" />
            <line number="102" hits="352" branch="False" />
            <line number="104" hits="352" branch="False" />
            <line number="22" hits="676" branch="False" />
            <line number="23" hits="676" branch="False" />
            <line number="24" hits="676" branch="False" />
            <line number="25" hits="676" branch="False" />
          </lines>
        </class>
        <class name="CSharpAPI.Services.S_UserBalance" filename="Services\Service_UserBalance.cs" line-rate="1" branch-rate="1" complexity="1">
          <methods>
            <method name=".ctor" signature="(CSharpAPI.Database.SQLite_Database)" line-rate="1" branch-rate="1" complexity="1">
              <lines>
                <line number="25" hits="60" branch="False" />
                <line number="26" hits="60" branch="False" />
                <line number="27" hits="60" branch="False" />
                <line number="28" hits="60" branch="False" />
              </lines>
            </method>
          </methods>
          <lines>
            <line number="25" hits="60" branch="False" />
            <line number="26" hits="60" branch="False" />
            <line number="27" hits="60" branch="False" />
            <line number="28" hits="60" branch="False" />
          </lines>
        </class>
        <class name="CSharpAPI.Services.S_Users" filename="Services\Service_Users.cs" line-rate="1" branch-rate="1" complexity="1">
          <methods>
            <method name=".ctor" signature="(CSharpAPI.Database.SQLite_Database)" line-rate="1" branch-rate="1" complexity="1">
              <lines>
                <line number="19" hits="43" branch="False" />
                <line number="20" hits="43" branch="False" />
                <line number="21" hits="43" branch="False" />
                <line number="22" hits="43" branch="False" />
              </lines>
            </method>
          </methods>
          <lines>
            <line number="19" hits="43" branch="False" />
            <line number="20" hits="43" branch="False" />
            <line number="21" hits="43" branch="False" />
            <line number="22" hits="43" branch="False" />
          </lines>
        </class>
        <class name="CSharpAPI.Services.S_Vehicles" filename="Services\Service_Vehicles.cs" line-rate="1" branch-rate="1" complexity="1">
          <methods>
            <method name=".ctor" signature="(CSharpAPI.Database.SQLite_Database)" line-rate="1" branch-rate="1" complexity="1">
              <lines>
                <line number="19" hits="60" branch="False" />
                <line number="20" hits="60" branch="False" />
                <line number="21" hits="60" branch="False" />
                <line number="22" hits="60" branch="False" />
              </lines>
            </method>
          </methods>
          <lines>
            <line number="19" hits="60" branch="False" />
            <line number="20" hits="60" branch="False" />
            <line number="21" hits="60" branch="False" />
            <line number="22" hits="60" branch="False" />
          </lines>
        </class>
        <class name="CSharpAPI.Database.SQLite_Database" filename="Database\SQLite_Database.cs" line-rate="0.76" branch-rate="0.5" complexity="4">
          <methods>
            <method name="OnConfiguring" signature="(Microsoft.EntityFrameworkCore.DbContextOptionsBuilder)" line-rate="0.3333" branch-rate="0.5" complexity="2">
              <lines>
                <line number="26" hits="950" branch="False" />
                <line number="27" hits="950" branch="True" condition-coverage="50% (1/2)">
                  <conditions>
                    <condition number="12" type="jump" coverage="50%" />
                  </conditions>
                </line>
                <line number="28" hits="0" branch="False" />
                <line number="29" hits="0" branch="False" />
                <line number="30" hits="0" branch="False" />
                <line number="31" hits="0" branch="False" />
                <line number="32" hits="0" branch="False" />
                <line number="33" hits="0" branch="False" />
                <line number="34" hits="950" branch="False" />
              </lines>
            </method>
            <method name="OnModelCreating" signature="(Microsoft.EntityFrameworkCore.ModelBuilder)" line-rate="1" branch-rate="1" complexity="1">
              <lines>
                <line number="37" hits="2" branch="False" />
                <line number="38" hits="2" branch="False" />
                <line number="39" hits="2" branch="False" />
                <line number="40" hits="2" branch="False" />
                <line number="41" hits="2" branch="False" />
                <line number="42" hits="2" branch="False" />
                <line number="43" hits="2" branch="False" />
                <line number="44" hits="2" branch="False" />
                <line number="45" hits="2" branch="False" />
                <line number="46" hits="2" branch="False" />
                <line number="47" hits="2" branch="False" />
                <line number="48" hits="2" branch="False" />
                <line number="49" hits="2" branch="False" />
                <line number="51" hits="2" branch="False" />
                <line number="52" hits="2" branch="False" />
              </lines>
            </method>
            <method name=".ctor" signature="(Microsoft.EntityFrameworkCore.DbContextOptions`1&lt;CSharpAPI.Database.SQLite_Database&gt;)" line-rate="1" branch-rate="1" complexity="1">
              <lines>
                <line number="9" hits="2889" branch="False" />
              </lines>
            </method>
          </methods>
          <lines>
            <line number="26" hits="950" branch="False" />
            <line number="27" hits="950" branch="True" condition-coverage="50% (1/2)">
              <conditions>
                <condition number="12" type="jump" coverage="50%" />
              </conditions>
            </line>
            <line number="28" hits="0" branch="False" />
            <line number="29" hits="0" branch="False" />
            <line number="30" hits="0" branch="False" />
            <line number="31" hits="0" branch="False" />
            <line number="32" hits="0" branch="False" />
            <line number="33" hits="0" branch="False" />
            <line number="34" hits="950" branch="False" />
            <line number="37" hits="2" branch="False" />
            <line number="38" hits="2" branch="False" />
            <line number="39" hits="2" branch="False" />
            <line number="40" hits="2" branch="False" />
            <line number="41" hits="2" branch="False" />
            <line number="42" hits="2" branch="False" />
            <line number="43" hits="2" branch="False" />
            <line number="44" hits="2" branch="False" />
            <line number="45" hits="2" branch="False" />
            <line number="46" hits="2" branch="False" />
            <line number="47" hits="2" branch="False" />
            <line number="48" hits="2" branch="False" />
            <line number="49" hits="2" branch="False" />
            <line number="51" hits="2" branch="False" />
            <line number="52" hits="2" branch="False" />
            <line number="9" hits="2889" branch="False" />
          </lines>
        </class>
        <class name="CSharpAPI.Controllers.C_Auth" filename="Controllers\Controller_Auth.cs" line-rate="1" branch-rate="0.5" complexity="7">
          <methods>
            <method name="Me" signature="()" line-rate="1" branch-rate="0.5" complexity="6">
              <lines>
                <line number="80" hits="1" branch="False" />
                <line number="82" hits="1" branch="True" condition-coverage="50% (1/2)">
                  <conditions>
                    <condition number="13" type="jump" coverage="50%" />
                  </conditions>
                </line>
                <line number="83" hits="1" branch="True" condition-coverage="50% (1/2)">
                  <conditions>
                    <condition number="73" type="jump" coverage="50%" />
                  </conditions>
                </line>
                <line number="84" hits="1" branch="True" condition-coverage="50% (1/2)">
                  <conditions>
                    <condition number="133" type="jump" coverage="50%" />
                  </conditions>
                </line>
                <line number="86" hits="1" branch="False" />
                <line number="87" hits="1" branch="False" />
              </lines>
            </method>
            <method name=".ctor" signature="(CSharpAPI.Database.SQLite_Database,CSharpAPI.Services.ITokenService,CSharpAPI.Services.ITokenRevocationService)" line-rate="1" branch-rate="1" complexity="1">
              <lines>
                <line number="22" hits="332" branch="False" />
                <line number="23" hits="332" branch="False" />
                <line number="24" hits="332" branch="False" />
                <line number="25" hits="332" branch="False" />
                <line number="26" hits="332" branch="False" />
                <line number="27" hits="332" branch="False" />
              </lines>
            </method>
          </methods>
          <lines>
            <line number="80" hits="1" branch="False" />
            <line number="82" hits="1" branch="True" condition-coverage="50% (1/2)">
              <conditions>
                <condition number="13" type="jump" coverage="50%" />
              </conditions>
            </line>
            <line number="83" hits="1" branch="True" condition-coverage="50% (1/2)">
              <conditions>
                <condition number="73" type="jump" coverage="50%" />
              </conditions>
            </line>
            <line number="84" hits="1" branch="True" condition-coverage="50% (1/2)">
              <conditions>
                <condition number="133" type="jump" coverage="50%" />
              </conditions>
            </line>
            <line number="86" hits="1" branch="False" />
            <line number="87" hits="1" branch="False" />
            <line number="22" hits="332" branch="False" />
            <line number="23" hits="332" branch="False" />
            <line number="24" hits="332" branch="False" />
            <line number="25" hits="332" branch="False" />
            <line number="26" hits="332" branch="False" />
            <line number="27" hits="332" branch="False" />
          </lines>
        </class>
        <class name="CSharpAPI.Controllers.C_Balance" filename="Controllers\Controller_Balance.cs" line-rate="1" branch-rate="0.5" complexity="7">
          <methods>
            <method name="GetCurrentUserId" signature="()" line-rate="1" branch-rate="0.5" complexity="6">
              <lines>
                <line number="129" hits="18" branch="False" />
                <line number="130" hits="18" branch="True" condition-coverage="50% (1/2)">
                  <conditions>
                    <condition number="18" type="jump" coverage="50%" />
                  </conditions>
                </line>
                <line number="131" hits="18" branch="True" condition-coverage="50% (2/4)">
                  <conditions>
                    <condition number="31" type="jump" coverage="50%" />
                    <condition number="41" type="jump" coverage="50%" />
                  </conditions>
                </line>
                <line number="132" hits="18" branch="False" />
              </lines>
            </method>
            <method name=".ctor" signature="(CSharpAPI.Services.IUserBalanceService,Microsoft.Extensions.Logging.ILogger`1&lt;CSharpAPI.Controllers.C_Balance&gt;)" line-rate="1" branch-rate="1" complexity="1">
              <lines>
                <line number="18" hits="22" branch="False" />
                <line number="19" hits="22" branch="False" />
                <line number="20" hits="22" branch="False" />
                <line number="21" hits="22" branch="False" />
                <line number="22" hits="22" branch="False" />
              </lines>
            </method>
          </methods>
          <lines>
            <line number="129" hits="18" branch="False" />
            <line number="130" hits="18" branch="True" condition-coverage="50% (1/2)">
              <conditions>
                <condition number="18" type="jump" coverage="50%" />
              </conditions>
            </line>
            <line number="131" hits="18" branch="True" condition-coverage="50% (2/4)">
              <conditions>
                <condition number="31" type="jump" coverage="50%" />
                <condition number="41" type="jump" coverage="50%" />
              </conditions>
            </line>
            <line number="132" hits="18" branch="False" />
            <line number="18" hits="22" branch="False" />
            <line number="19" hits="22" branch="False" />
            <line number="20" hits="22" branch="False" />
            <line number="21" hits="22" branch="False" />
            <line number="22" hits="22" branch="False" />
          </lines>
        </class>
        <class name="CSharpAPI.Controllers.C_Billing" filename="Controllers\Controller_Billing.cs" line-rate="1" branch-rate="0.5" complexity="7">
          <methods>
            <method name="get_CurrentUserId" signature="()" line-rate="1" branch-rate="0.5" complexity="4">
              <lines>
                <line number="24" hits="14" branch="False" />
                <line number="25" hits="14" branch="True" condition-coverage="50% (1/2)">
                  <conditions>
                    <condition number="18" type="jump" coverage="50%" />
                  </conditions>
                </line>
                <line number="26" hits="14" branch="True" condition-coverage="50% (1/2)">
                  <conditions>
                    <condition number="38" type="jump" coverage="50%" />
                  </conditions>
                </line>
                <line number="27" hits="14" branch="False" />
              </lines>
            </method>
            <method name="get_IsAdminOrAbove" signature="()" line-rate="1" branch-rate="0.5" complexity="2">
              <lines>
                <line number="30" hits="4" branch="True" condition-coverage="50% (1/2)">
                  <conditions>
                    <condition number="16" type="jump" coverage="50%" />
                  </conditions>
                </line>
              </lines>
            </method>
            <method name=".ctor" signature="(CSharpAPI.Services.IBillingService)" line-rate="1" branch-rate="1" complexity="1">
              <lines>
                <line number="16" hits="23" branch="False" />
                <line number="17" hits="23" branch="False" />
                <line number="18" hits="23" branch="False" />
                <line number="19" hits="23" branch="False" />
              </lines>
            </method>
          </methods>
          <lines>
            <line number="24" hits="14" branch="False" />
            <line number="25" hits="14" branch="True" condition-coverage="50% (1/2)">
              <conditions>
                <condition number="18" type="jump" coverage="50%" />
              </conditions>
            </line>
            <line number="26" hits="14" branch="True" condition-coverage="50% (1/2)">
              <conditions>
                <condition number="38" type="jump" coverage="50%" />
              </conditions>
            </line>
            <line number="27" hits="14" branch="False" />
            <line number="30" hits="4" branch="True" condition-coverage="50% (1/2)">
              <conditions>
                <condition number="16" type="jump" coverage="50%" />
              </conditions>
            </line>
            <line number="16" hits="23" branch="False" />
            <line number="17" hits="23" branch="False" />
            <line number="18" hits="23" branch="False" />
            <line number="19" hits="23" branch="False" />
          </lines>
        </class>
        <class name="CSharpAPI.Controllers.C_Company" filename="Controllers\Controller_Company.cs" line-rate="1" branch-rate="1" complexity="1">
          <methods>
            <method name=".ctor" signature="(CSharpAPI.Services.ICompanyService,Microsoft.Extensions.Logging.ILogger`1&lt;CSharpAPI.Controllers.C_Company&gt;)" line-rate="1" branch-rate="1" complexity="1">
              <lines>
                <line number="18" hits="27" branch="False" />
                <line number="19" hits="27" branch="False" />
                <line number="20" hits="27" branch="False" />
                <line number="21" hits="27" branch="False" />
                <line number="22" hits="27" branch="False" />
              </lines>
            </method>
          </methods>
          <lines>
            <line number="18" hits="27" branch="False" />
            <line number="19" hits="27" branch="False" />
            <line number="20" hits="27" branch="False" />
            <line number="21" hits="27" branch="False" />
            <line number="22" hits="27" branch="False" />
          </lines>
        </class>
        <class name="CSharpAPI.Controllers.C_Gate" filename="Controllers\Controller_Gate.cs" line-rate="0.75" branch-rate="1" complexity="4">
          <methods>
            <method name="OpenGate" signature="(CSharpAPI.Controllers.OpenGateRequest)" line-rate="0.75" branch-rate="1" complexity="1">
              <lines>
                <line number="23" hits="2" branch="False" />
                <line number="25" hits="2" branch="False" />
                <line number="26" hits="2" branch="False" />
                <line number="27" hits="2" branch="False" />
                <line number="31" hits="2" branch="False" />
                <line number="32" hits="2" branch="False" />
                <line number="33" hits="2" branch="False" />
                <line number="34" hits="2" branch="False" />
                <line number="35" hits="2" branch="False" />
                <line number="36" hits="2" branch="False" />
                <line number="37" hits="2" branch="False" />
                <line number="39" hits="0" branch="False" />
                <line number="40" hits="0" branch="False" />
                <line number="41" hits="0" branch="False" />
                <line number="42" hits="0" branch="False" />
                <line number="44" hits="2" branch="False" />
              </lines>
            </method>
            <method name="CloseGate" signature="(CSharpAPI.Controllers.CloseGateRequest)" line-rate="0.7333" branch-rate="1" complexity="1">
              <lines>
                <line number="49" hits="2" branch="False" />
                <line number="51" hits="2" branch="False" />
                <line number="52" hits="2" branch="False" />
                <line number="55" hits="2" branch="False" />
                <line number="56" hits="2" branch="False" />
                <line number="57" hits="2" branch="False" />
                <line number="58" hits="2" branch="False" />
                <line number="59" hits="2" branch="False" />
                <line number="60" hits="2" branch="False" />
                <line number="61" hits="2" branch="False" />
                <line number="63" hits="0" branch="False" />
                <line number="64" hits="0" branch="False" />
                <line number="65" hits="0" branch="False" />
                <line number="66" hits="0" branch="False" />
                <line number="68" hits="2" branch="False" />
              </lines>
            </method>
            <method name="GetGateStatus" signature="(System.Guid)" line-rate="0.6923" branch-rate="1" complexity="1">
              <lines>
                <line number="73" hits="3" branch="False" />
                <line number="75" hits="3" branch="False" />
                <line number="77" hits="3" branch="False" />
                <line number="78" hits="3" branch="False" />
                <line number="79" hits="3" branch="False" />
                <line number="80" hits="3" branch="False" />
                <line number="81" hits="3" branch="False" />
                <line number="82" hits="3" branch="False" />
                <line number="84" hits="0" branch="False" />
                <line number="85" hits="0" branch="False" />
                <line number="86" hits="0" branch="False" />
                <line number="87" hits="0" branch="False" />
                <line number="89" hits="3" branch="False" />
              </lines>
            </method>
            <method name=".ctor" signature="(Microsoft.Extensions.Logging.ILogger`1&lt;CSharpAPI.Controllers.C_Gate&gt;)" line-rate="1" branch-rate="1" complexity="1">
              <lines>
                <line number="15" hits="9" branch="False" />
                <line number="16" hits="9" branch="False" />
                <line number="17" hits="9" branch="False" />
                <line number="18" hits="9" branch="False" />
              </lines>
            </method>
          </methods>
          <lines>
            <line number="23" hits="2" branch="False" />
            <line number="25" hits="2" branch="False" />
            <line number="26" hits="2" branch="False" />
            <line number="27" hits="2" branch="False" />
            <line number="31" hits="2" branch="False" />
            <line number="32" hits="2" branch="False" />
            <line number="33" hits="2" branch="False" />
            <line number="34" hits="2" branch="False" />
            <line number="35" hits="2" branch="False" />
            <line number="36" hits="2" branch="False" />
            <line number="37" hits="2" branch="False" />
            <line number="39" hits="0" branch="False" />
            <line number="40" hits="0" branch="False" />
            <line number="41" hits="0" branch="False" />
            <line number="42" hits="0" branch="False" />
            <line number="44" hits="2" branch="False" />
            <line number="49" hits="2" branch="False" />
            <line number="51" hits="2" branch="False" />
            <line number="52" hits="2" branch="False" />
            <line number="55" hits="2" branch="False" />
            <line number="56" hits="2" branch="False" />
            <line number="57" hits="2" branch="False" />
            <line number="58" hits="2" branch="False" />
            <line number="59" hits="2" branch="False" />
            <line number="60" hits="2" branch="False" />
            <line number="61" hits="2" branch="False" />
            <line number="63" hits="0" branch="False" />
            <line number="64" hits="0" branch="False" />
            <line number="65" hits="0" branch="False" />
            <line number="66" hits="0" branch="False" />
            <line number="68" hits="2" branch="False" />
            <line number="73" hits="3" branch="False" />
            <line number="75" hits="3" branch="False" />
            <line number="77" hits="3" branch="False" />
            <line number="78" hits="3" branch="False" />
            <line number="79" hits="3" branch="False" />
            <line number="80" hits="3" branch="False" />
            <line number="81" hits="3" branch="False" />
            <line number="82" hits="3" branch="False" />
            <line number="84" hits="0" branch="False" />
            <line number="85" hits="0" branch="False" />
            <line number="86" hits="0" branch="False" />
            <line number="87" hits="0" branch="False" />
            <line number="89" hits="3" branch="False" />
            <line number="15" hits="9" branch="False" />
            <line number="16" hits="9" branch="False" />
            <line number="17" hits="9" branch="False" />
            <line number="18" hits="9" branch="False" />
          </lines>
        </class>
        <class name="CSharpAPI.Controllers.C_Hotel" filename="Controllers\Controller_Hotel.cs" line-rate="1" branch-rate="1" complexity="1">
          <methods>
            <method name=".ctor" signature="(CSharpAPI.Services.IHotelService,Microsoft.Extensions.Logging.ILogger`1&lt;CSharpAPI.Controllers.C_Hotel&gt;)" line-rate="1" branch-rate="1" complexity="1">
              <lines>
                <line number="17" hits="25" branch="False" />
                <line number="18" hits="25" branch="False" />
                <line number="19" hits="25" branch="False" />
                <line number="20" hits="25" branch="False" />
                <line number="21" hits="25" branch="False" />
              </lines>
            </method>
          </methods>
          <lines>
            <line number="17" hits="25" branch="False" />
            <line number="18" hits="25" branch="False" />
            <line number="19" hits="25" branch="False" />
            <line number="20" hits="25" branch="False" />
            <line number="21" hits="25" branch="False" />
          </lines>
        </class>
        <class name="CSharpAPI.Controllers.C_NFC" filename="Controllers\Controller_NFC.cs" line-rate="1" branch-rate="1" complexity="1">
          <methods>
            <method name=".ctor" signature="(CSharpAPI.Services.IUserBalanceService,CSharpAPI.Services.ISessionsService,CSharpAPI.Services.IVehiclesService,CSharpAPI.Services.IParkinglotsService,CSharpAPI.Services.IHotelService,Microsoft.Extensions.Logging.ILogger`1&lt;CSharpAPI.Controllers.C_NFC&gt;)" line-rate="1" branch-rate="1" complexity="1">
              <lines>
                <line number="22" hits="10" branch="False" />
                <line number="23" hits="10" branch="False" />
                <line number="24" hits="10" branch="False" />
                <line number="25" hits="10" branch="False" />
                <line number="26" hits="10" branch="False" />
                <line number="27" hits="10" branch="False" />
                <line number="28" hits="10" branch="False" />
                <line number="29" hits="10" branch="False" />
                <line number="30" hits="10" branch="False" />
                <line number="31" hits="10" branch="False" />
                <line number="32" hits="10" branch="False" />
                <line number="33" hits="10" branch="False" />
                <line number="34" hits="10" branch="False" />
                <line number="35" hits="10" branch="False" />
                <line number="36" hits="10" branch="False" />
              </lines>
            </method>
          </methods>
          <lines>
            <line number="22" hits="10" branch="False" />
            <line number="23" hits="10" branch="False" />
            <line number="24" hits="10" branch="False" />
            <line number="25" hits="10" branch="False" />
            <line number="26" hits="10" branch="False" />
            <line number="27" hits="10" branch="False" />
            <line number="28" hits="10" branch="False" />
            <line number="29" hits="10" branch="False" />
            <line number="30" hits="10" branch="False" />
            <line number="31" hits="10" branch="False" />
            <line number="32" hits="10" branch="False" />
            <line number="33" hits="10" branch="False" />
            <line number="34" hits="10" branch="False" />
            <line number="35" hits="10" branch="False" />
            <line number="36" hits="10" branch="False" />
          </lines>
        </class>
        <class name="CSharpAPI.Controllers.C_Parkinglots" filename="Controllers\Controller_Parkinglots.cs" line-rate="0.8" branch-rate="0" complexity="3">
          <methods>
            <method name="get_IsAdminOrAbove" signature="()" line-rate="0" branch-rate="0" complexity="2">
              <lines>
                <line number="21" hits="0" branch="True" condition-coverage="0% (0/2)">
                  <conditions>
                    <condition number="16" type="jump" coverage="0%" />
                  </conditions>
                </line>
              </lines>
            </method>
            <method name=".ctor" signature="(CSharpAPI.Database.SQLite_Database)" line-rate="1" branch-rate="1" complexity="1">
              <lines>
                <line number="16" hits="38" branch="False" />
                <line number="17" hits="38" branch="False" />
                <line number="18" hits="38" branch="False" />
                <line number="19" hits="38" branch="False" />
              </lines>
            </method>
          </methods>
          <lines>
            <line number="21" hits="0" branch="True" condition-coverage="0% (0/2)">
              <conditions>
                <condition number="16" type="jump" coverage="0%" />
              </conditions>
            </line>
            <line number="16" hits="38" branch="False" />
            <line number="17" hits="38" branch="False" />
            <line number="18" hits="38" branch="False" />
            <line number="19" hits="38" branch="False" />
          </lines>
        </class>
        <class name="CSharpAPI.Controllers.C_Payments" filename="Controllers\Controller_Payments.cs" line-rate="1" branch-rate="1" complexity="1">
          <methods>
            <method name=".ctor" signature="(CSharpAPI.Services.IPaymentsService)" line-rate="1" branch-rate="1" complexity="1">
              <lines>
                <line number="18" hits="29" branch="False" />
                <line number="19" hits="29" branch="False" />
                <line number="20" hits="29" branch="False" />
                <line number="21" hits="29" branch="False" />
              </lines>
            </method>
          </methods>
          <lines>
            <line number="18" hits="29" branch="False" />
            <line number="19" hits="29" branch="False" />
            <line number="20" hits="29" branch="False" />
            <line number="21" hits="29" branch="False" />
          </lines>
        </class>
        <class name="CSharpAPI.Controllers.C_Profile" filename="Controllers\Controller_Profile.cs" line-rate="1" branch-rate="0.5" complexity="7">
          <methods>
            <method name="get_CurrentUserId" signature="()" line-rate="1" branch-rate="0.5" complexity="4">
              <lines>
                <line number="24" hits="10" branch="False" />
                <line number="25" hits="10" branch="True" condition-coverage="50% (1/2)">
                  <conditions>
                    <condition number="18" type="jump" coverage="50%" />
                  </conditions>
                </line>
                <line number="26" hits="10" branch="True" condition-coverage="50% (1/2)">
                  <conditions>
                    <condition number="38" type="jump" coverage="50%" />
                  </conditions>
                </line>
                <line number="27" hits="10" branch="False" />
              </lines>
            </method>
            <method name="get_IsAdminOrAbove" signature="()" line-rate="1" branch-rate="0.5" complexity="2">
              <lines>
                <line number="30" hits="7" branch="True" condition-coverage="50% (1/2)">
                  <conditions>
                    <condition number="16" type="jump" coverage="50%" />
                  </conditions>
                </line>
              </lines>
            </method>
            <method name=".ctor" signature="(CSharpAPI.Services.IProfileService)" line-rate="1" branch-rate="1" complexity="1">
              <lines>
                <line number="16" hits="7" branch="False" />
                <line number="17" hits="7" branch="False" />
                <line number="18" hits="7" branch="False" />
                <line number="19" hits="7" branch="False" />
              </lines>
            </method>
          </methods>
          <lines>
            <line number="24" hits="10" branch="False" />
            <line number="25" hits="10" branch="True" condition-coverage="50% (1/2)">
              <conditions>
                <condition number="18" type="jump" coverage="50%" />
              </conditions>
            </line>
            <line number="26" hits="10" branch="True" condition-coverage="50% (1/2)">
              <conditions>
                <condition number="38" type="jump" coverage="50%" />
              </conditions>
            </line>
            <line number="27" hits="10" branch="False" />
            <line number="30" hits="7" branch="True" condition-coverage="50% (1/2)">
              <conditions>
                <condition number="16" type="jump" coverage="50%" />
              </conditions>
            </line>
            <line number="16" hits="7" branch="False" />
            <line number="17" hits="7" branch="False" />
            <line number="18" hits="7" branch="False" />
            <line number="19" hits="7" branch="False" />
          </lines>
        </class>
        <class name="CSharpAPI.Controllers.C_Reservations" filename="Controllers\Controller_Reservations.cs" line-rate="1" branch-rate="0.6666" complexity="7">
          <methods>
            <method name="get_CurrentUserId" signature="()" line-rate="1" branch-rate="0.5" complexity="4">
              <lines>
                <line number="26" hits="4" branch="False" />
                <line number="27" hits="4" branch="True" condition-coverage="50% (1/2)">
                  <conditions>
                    <condition number="18" type="jump" coverage="50%" />
                  </conditions>
                </line>
                <line number="28" hits="4" branch="True" condition-coverage="50% (1/2)">
                  <conditions>
                    <condition number="38" type="jump" coverage="50%" />
                  </conditions>
                </line>
                <line number="29" hits="4" branch="False" />
              </lines>
            </method>
            <method name="get_IsAdminOrAbove" signature="()" line-rate="1" branch-rate="1" complexity="2">
              <lines>
                <line number="32" hits="5" branch="True" condition-coverage="100% (2/2)">
                  <conditions>
                    <condition number="16" type="jump" coverage="100%" />
                  </conditions>
                </line>
              </lines>
            </method>
            <method name=".ctor" signature="(CSharpAPI.Services.IReservationsService)" line-rate="1" branch-rate="1" complexity="1">
              <lines>
                <line number="18" hits="45" branch="False" />
                <line number="19" hits="45" branch="False" />
                <line number="20" hits="45" branch="False" />
                <line number="21" hits="45" branch="False" />
              </lines>
            </method>
          </methods>
          <lines>
            <line number="26" hits="4" branch="False" />
            <line number="27" hits="4" branch="True" condition-coverage="50% (1/2)">
              <conditions>
                <condition number="18" type="jump" coverage="50%" />
              </conditions>
            </line>
            <line number="28" hits="4" branch="True" condition-coverage="50% (1/2)">
              <conditions>
                <condition number="38" type="jump" coverage="50%" />
              </conditions>
            </line>
            <line number="29" hits="4" branch="False" />
            <line number="32" hits="5" branch="True" condition-coverage="100% (2/2)">
              <conditions>
                <condition number="16" type="jump" coverage="100%" />
              </conditions>
            </line>
            <line number="18" hits="45" branch="False" />
            <line number="19" hits="45" branch="False" />
            <line number="20" hits="45" branch="False" />
            <line number="21" hits="45" branch="False" />
          </lines>
        </class>
        <class name="CSharpAPI.Controllers.C_Sessions" filename="Controllers\Controller_Sessions.cs" line-rate="0.6363" branch-rate="0.25" complexity="9">
          <methods>
            <method name="get_CurrentUserId" signature="()" line-rate="0" branch-rate="0" complexity="4">
              <lines>
                <line number="29" hits="0" branch="False" />
                <line number="30" hits="0" branch="True" condition-coverage="0% (0/2)">
                  <conditions>
                    <condition number="18" type="jump" coverage="0%" />
                  </conditions>
                </line>
                <line number="31" hits="0" branch="True" condition-coverage="0% (0/2)">
                  <conditions>
                    <condition number="38" type="jump" coverage="0%" />
                  </conditions>
                </line>
                <line number="32" hits="0" branch="False" />
              </lines>
            </method>
            <method name="get_CurrentUsername" signature="()" line-rate="1" branch-rate="0.5" complexity="2">
              <lines>
                <line number="35" hits="10" branch="True" condition-coverage="50% (1/2)">
                  <conditions>
                    <condition number="12" type="jump" coverage="50%" />
                  </conditions>
                </line>
              </lines>
            </method>
            <method name="get_IsAdminOrAbove" signature="()" line-rate="1" branch-rate="0.5" complexity="2">
              <lines>
                <line number="37" hits="9" branch="True" condition-coverage="50% (1/2)">
                  <conditions>
                    <condition number="16" type="jump" coverage="50%" />
                  </conditions>
                </line>
              </lines>
            </method>
            <method name=".ctor" signature="(CSharpAPI.Services.ISessionsService,Microsoft.Extensions.Logging.ILogger`1&lt;CSharpAPI.Controllers.C_Sessions&gt;)" line-rate="1" branch-rate="1" complexity="1">
              <lines>
                <line number="20" hits="21" branch="False" />
                <line number="21" hits="21" branch="False" />
                <line number="22" hits="21" branch="False" />
                <line number="23" hits="21" branch="False" />
                <line number="24" hits="21" branch="False" />
              </lines>
            </method>
          </methods>
          <lines>
            <line number="29" hits="0" branch="False" />
            <line number="30" hits="0" branch="True" condition-coverage="0% (0/2)">
              <conditions>
                <condition number="18" type="jump" coverage="0%" />
              </conditions>
            </line>
            <line number="31" hits="0" branch="True" condition-coverage="0% (0/2)">
              <conditions>
                <condition number="38" type="jump" coverage="0%" />
              </conditions>
            </line>
            <line number="32" hits="0" branch="False" />
            <line number="35" hits="10" branch="True" condition-coverage="50% (1/2)">
              <conditions>
                <condition number="12" type="jump" coverage="50%" />
              </conditions>
            </line>
            <line number="37" hits="9" branch="True" condition-coverage="50% (1/2)">
              <conditions>
                <condition number="16" type="jump" coverage="50%" />
              </conditions>
            </line>
            <line number="20" hits="21" branch="False" />
            <line number="21" hits="21" branch="False" />
            <line number="22" hits="21" branch="False" />
            <line number="23" hits="21" branch="False" />
            <line number="24" hits="21" branch="False" />
          </lines>
        </class>
        <class name="CSharpAPI.Controllers.C_Users" filename="Controllers\Controller_Users.cs" line-rate="1" branch-rate="1" complexity="1">
          <methods>
            <method name=".ctor" signature="(CSharpAPI.Services.IUsersService)" line-rate="1" branch-rate="1" complexity="1">
              <lines>
                <line number="15" hits="36" branch="False" />
                <line number="16" hits="36" branch="False" />
                <line number="17" hits="36" branch="False" />
                <line number="18" hits="36" branch="False" />
              </lines>
            </method>
          </methods>
          <lines>
            <line number="15" hits="36" branch="False" />
            <line number="16" hits="36" branch="False" />
            <line number="17" hits="36" branch="False" />
            <line number="18" hits="36" branch="False" />
          </lines>
        </class>
        <class name="CSharpAPI.Controllers.C_Vehicles" filename="Controllers\Controller_Vehicles.cs" line-rate="1" branch-rate="0.6666" complexity="7">
          <methods>
            <method name="get_CurrentUserId" signature="()" line-rate="1" branch-rate="0.5" complexity="4">
              <lines>
                <line number="23" hits="20" branch="False" />
                <line number="24" hits="20" branch="True" condition-coverage="50% (1/2)">
                  <conditions>
                    <condition number="18" type="jump" coverage="50%" />
                  </conditions>
                </line>
                <line number="25" hits="20" branch="True" condition-coverage="50% (1/2)">
                  <conditions>
                    <condition number="38" type="jump" coverage="50%" />
                  </conditions>
                </line>
                <line number="26" hits="20" branch="False" />
              </lines>
            </method>
            <method name="get_IsAdminOrAbove" signature="()" line-rate="1" branch-rate="1" complexity="2">
              <lines>
                <line number="29" hits="25" branch="True" condition-coverage="100% (2/2)">
                  <conditions>
                    <condition number="16" type="jump" coverage="100%" />
                  </conditions>
                </line>
              </lines>
            </method>
            <method name=".ctor" signature="(CSharpAPI.Services.IVehiclesService)" line-rate="1" branch-rate="1" complexity="1">
              <lines>
                <line number="15" hits="37" branch="False" />
                <line number="16" hits="37" branch="False" />
                <line number="17" hits="37" branch="False" />
                <line number="18" hits="37" branch="False" />
              </lines>
            </method>
          </methods>
          <lines>
            <line number="23" hits="20" branch="False" />
            <line number="24" hits="20" branch="True" condition-coverage="50% (1/2)">
              <conditions>
                <condition number="18" type="jump" coverage="50%" />
              </conditions>
            </line>
            <line number="25" hits="20" branch="True" condition-coverage="50% (1/2)">
              <conditions>
                <condition number="38" type="jump" coverage="50%" />
              </conditions>
            </line>
            <line number="26" hits="20" branch="False" />
            <line number="29" hits="25" branch="True" condition-coverage="100% (2/2)">
              <conditions>
                <condition number="16" type="jump" coverage="100%" />
              </conditions>
            </line>
            <line number="15" hits="37" branch="False" />
            <line number="16" hits="37" branch="False" />
            <line number="17" hits="37" branch="False" />
            <line number="18" hits="37" branch="False" />
          </lines>
        </class>
        <class name="CSharpAPI.Controllers.Utils.C_Utils" filename="Controllers\C_Utils.cs" line-rate="0.8529000000000001" branch-rate="0.8125" complexity="17">
          <methods>
            <method name="IsValidEmail" signature="(System.String)" line-rate="1" branch-rate="1" complexity="1">
              <lines>
                <line number="14" hits="13" branch="False" />
                <line number="16" hits="13" branch="False" />
                <line number="17" hits="13" branch="False" />
                <line number="18" hits="11" branch="False" />
                <line number="19" hits="6" branch="False" />
                <line number="20" hits="13" branch="False" />
              </lines>
            </method>
            <method name="IsValidPhoneNumber" signature="(System.String)" line-rate="1" branch-rate="1" complexity="4">
              <lines>
                <line number="23" hits="6" branch="False" />
                <line number="24" hits="6" branch="True" condition-coverage="100% (4/4)">
                  <conditions>
                    <condition number="34" type="jump" coverage="100%" />
                    <condition number="43" type="jump" coverage="100%" />
                  </conditions>
                </line>
                <line number="25" hits="6" branch="False" />
              </lines>
            </method>
            <method name="HashPassword" signature="(System.String)" line-rate="0.8" branch-rate="0.5" complexity="2">
              <lines>
                <line number="29" hits="39" branch="False" />
                <line number="30" hits="39" branch="True" condition-coverage="50% (1/2)">
                  <conditions>
                    <condition number="9" type="jump" coverage="50%" />
                  </conditions>
                </line>
                <line number="31" hits="0" branch="False" />
                <line number="35" hits="39" branch="False" />
                <line number="36" hits="39" branch="False" />
              </lines>
            </method>
            <method name="VerifyPassword" signature="(System.String,System.String)" line-rate="0.7646999999999999" branch-rate="0.75" complexity="8">
              <lines>
                <line number="40" hits="306" branch="False" />
                <line number="41" hits="306" branch="True" condition-coverage="50% (2/4)">
                  <conditions>
                    <condition number="7" type="jump" coverage="50%" />
                    <condition number="20" type="jump" coverage="50%" />
                  </conditions>
                </line>
                <line number="42" hits="0" branch="False" />
                <line number="45" hits="306" branch="True" condition-coverage="100% (4/4)">
                  <conditions>
                    <condition number="37" type="jump" coverage="100%" />
                    <condition number="54" type="jump" coverage="100%" />
                  </conditions>
                </line>
                <line number="46" hits="268" branch="False" />
                <line number="48" hits="268" branch="False" />
                <line number="49" hits="268" branch="False" />
                <line number="51" hits="0" branch="False" />
                <line number="52" hits="0" branch="False" />
                <line number="53" hits="0" branch="False" />
                <line number="59" hits="38" branch="False" />
                <line number="60" hits="38" branch="False" />
                <line number="61" hits="38" branch="False" />
                <line number="62" hits="38" branch="False" />
                <line number="63" hits="38" branch="False" />
                <line number="64" hits="38" branch="False" />
                <line number="66" hits="306" branch="False" />
              </lines>
            </method>
            <method name="IsLegacyHash" signature="(System.String)" line-rate="1" branch-rate="1" complexity="2">
              <lines>
                <line number="70" hits="301" branch="False" />
                <line number="71" hits="301" branch="True" condition-coverage="100% (2/2)">
                  <conditions>
                    <condition number="12" type="jump" coverage="100%" />
                  </conditions>
                </line>
                <line number="72" hits="301" branch="False" />
              </lines>
            </method>
          </methods>
          <lines>
            <line number="14" hits="13" branch="False" />
            <line number="16" hits="13" branch="False" />
            <line number="17" hits="13" branch="False" />
            <line number="18" hits="11" branch="False" />
            <line number="19" hits="6" branch="False" />
            <line number="20" hits="13" branch="False" />
            <line number="23" hits="6" branch="False" />
            <line number="24" hits="6" branch="True" condition-coverage="100% (4/4)">
              <conditions>
                <condition number="34" type="jump" coverage="100%" />
                <condition number="43" type="jump" coverage="100%" />
              </conditions>
            </line>
            <line number="25" hits="6" branch="False" />
            <line number="29" hits="39" branch="False" />
            <line number="30" hits="39" branch="True" condition-coverage="50% (1/2)">
              <conditions>
                <condition number="9" type="jump" coverage="50%" />
              </conditions>
            </line>
            <line number="31" hits="0" branch="False" />
            <line number="35" hits="39" branch="False" />
            <line number="36" hits="39" branch="False" />
            <line number="40" hits="306" branch="False" />
            <line number="41" hits="306" branch="True" condition-coverage="50% (2/4)">
              <conditions>
                <condition number="7" type="jump" coverage="50%" />
                <condition number="20" type="jump" coverage="50%" />
              </conditions>
            </line>
            <line number="42" hits="0" branch="False" />
            <line number="45" hits="306" branch="True" condition-coverage="100% (4/4)">
              <conditions>
                <condition number="37" type="jump" coverage="100%" />
                <condition number="54" type="jump" coverage="100%" />
              </conditions>
            </line>
            <line number="46" hits="268" branch="False" />
            <line number="48" hits="268" branch="False" />
            <line number="49" hits="268" branch="False" />
            <line number="51" hits="0" branch="False" />
            <line number="52" hits="0" branch="False" />
            <line number="53" hits="0" branch="False" />
            <line number="59" hits="38" branch="False" />
            <line number="60" hits="38" branch="False" />
            <line number="61" hits="38" branch="False" />
            <line number="62" hits="38" branch="False" />
            <line number="63" hits="38" branch="False" />
            <line number="64" hits="38" branch="False" />
            <line number="66" hits="306" branch="False" />
            <line number="70" hits="301" branch="False" />
            <line number="71" hits="301" branch="True" condition-coverage="100% (2/2)">
              <conditions>
                <condition number="12" type="jump" coverage="100%" />
              </conditions>
            </line>
            <line number="72" hits="301" branch="False" />
          </lines>
        </class>
      </classes>
    </package>
  </packages>
</coverage>